::1 - - [12/Jan/2026 17:08:04] "GET /index.html HTTP/1.1" 200 -
::1 - - [12/Jan/2026 17:08:05] "GET / HTTP/1.1" 200 -
::1 - - [12/Jan/2026 17:08:05] "GET /app.js HTTP/1.1" 200 -
::1 - - [12/Jan/2026 17:08:05] "GET /style.css HTTP/1.1" 200 -
::1 - - [12/Jan/2026 17:08:05] "GET /manifest.json HTTP/1.1" 200 -
::1 - - [12/Jan/2026 17:08:05] "GET /service-worker.js HTTP/1.1" 200 -
::1 - - [12/Jan/2026 17:08:05] "GET /index.html HTTP/1.1" 200 -
::1 - - [12/Jan/2026 17:08:05] "GET /photobooth.html HTTP/1.1" 200 -
::1 - - [12/Jan/2026 17:08:05] "GET /design.html HTTP/1.1" 200 -
::1 - - [12/Jan/2026 17:08:05] "GET /print.html HTTP/1.1" 200 -
::1 - - [12/Jan/2026 17:08:05] "GET /print.js HTTP/1.1" 200 -
::1 - - [12/Jan/2026 17:08:05] "GET /design.js HTTP/1.1" 200 -
::1 - - [12/Jan/2026 17:08:05] "GET /photobooth.js HTTP/1.1" 200 -
::1 - - [12/Jan/2026 17:08:14] "GET /service-worker.js HTTP/1.1" 304 -
::1 - - [12/Jan/2026 17:08:19] "GET /service-worker.js HTTP/1.1" 304 -
::1 - - [12/Jan/2026 17:08:33] "GET /service-worker.js HTTP/1.1" 304 -
::1 - - [12/Jan/2026 17:08:35] "GET /service-worker.js HTTP/1.1" 304 -
::1 - - [12/Jan/2026 17:08:52] "GET /service-worker.js HTTP/1.1" 304 -
::1 - - [12/Jan/2026 17:09:00] "GET /service-worker.js HTTP/1.1" 304 -
::1 - - [12/Jan/2026 17:09:03] "GET /service-worker.js HTTP/1.1" 304 -
::1 - - [12/Jan/2026 17:09:17] "GET /service-worker.js HTTP/1.1" 304 -
::1 - - [12/Jan/2026 17:09:58] "GET /service-worker.js HTTP/1.1" 304 -
::1 - - [12/Jan/2026 17:10:00] "GET /service-worker.js HTTP/1.1" 304 -
::1 - - [12/Jan/2026 17:10:01] "GET /service-worker.js HTTP/1.1" 304 -
::1 - - [12/Jan/2026 17:10:03] "GET /service-worker.js HTTP/1.1" 304 -
::1 - - [12/Jan/2026 17:10:05] "GET /service-worker.js HTTP/1.1" 304 -
::1 - - [12/Jan/2026 17:10:24] "GET /service-worker.js HTTP/1.1" 304 -
::1 - - [12/Jan/2026 17:10:26] "GET /service-worker.js HTTP/1.1" 304 -
::1 - - [12/Jan/2026 17:10:30] "GET /service-worker.js HTTP/1.1" 304 -
::1 - - [12/Jan/2026 17:10:52] "GET /service-worker.js HTTP/1.1" 304 -
::1 - - [12/Jan/2026 17:10:58] "GET /service-worker.js HTTP/1.1" 304 -
::1 - - [12/Jan/2026 17:11:00] "GET /service-worker.js HTTP/1.1" 304 -
::1 - - [12/Jan/2026 17:11:04] "GET /service-worker.js HTTP/1.1" 304 -
::1 - - [12/Jan/2026 17:11:05] "GET /service-worker.js HTTP/1.1" 304 -
::1 - - [12/Jan/2026 17:11:07] "GET /service-worker.js HTTP/1.1" 304 -
::1 - - [12/Jan/2026 17:11:34] "GET /service-worker.js HTTP/1.1" 200 -
::1 - - [12/Jan/2026 17:11:37] "GET /service-worker.js HTTP/1.1" 200 -
::1 - - [12/Jan/2026 17:12:02] "GET /service-worker.js HTTP/1.1" 200 -
::1 - - [12/Jan/2026 17:14:35] "GET / HTTP/1.1" 200 -
::1 - - [12/Jan/2026 17:14:36] "GET /service-worker.js HTTP/1.1" 200 -
::1 - - [12/Jan/2026 17:15:08] "GET /service-worker.js HTTP/1.1" 304 -
::1 - - [12/Jan/2026 17:15:08] "GET /index.html HTTP/1.1" 200 -
::1 - - [12/Jan/2026 17:15:30] "GET /service-worker.js HTTP/1.1" 304 -
::1 - - [12/Jan/2026 18:08:07] "GET /service-worker.js HTTP/1.1" 304 -
::1 - - [12/Jan/2026 18:08:09] "GET /service-worker.js HTTP/1.1" 304 -
::1 - - [16/Jan/2026 01:39:15] code 404, message File not found
::1 - - [16/Jan/2026 01:39:15] code 404, message File not found
::1 - - [16/Jan/2026 01:39:15] "GET / HTTP/1.1" 200 -
::1 - - [16/Jan/2026 01:39:15] code 404, message File not found
::1 - - [16/Jan/2026 01:39:15] "GET /apple-touch-icon.png HTTP/1.1" 404 -
::1 - - [16/Jan/2026 01:39:15] "GET /apple-touch-icon-precomposed.png HTTP/1.1" 404 -
::1 - - [16/Jan/2026 01:39:15] "GET /favicon.ico HTTP/1.1" 404 -
::1 - - [19/Jan/2026 01:01:34] code 404, message File not found
::1 - - [19/Jan/2026 01:01:34] "GET /api/health HTTP/1.1" 404 -
::1 - - [19/Jan/2026 01:01:37] "GET / HTTP/1.1" 200 -
